<?xml version="1.0" encoding="UTF-8"?>
<testsuite xmlns:xsi="http://www.w3.org/2001/XMLSchema-instance" xsi:noNamespaceSchemaLocation="https://maven.apache.org/surefire/maven-surefire-plugin/xsd/surefire-test-report-3.0.xsd" version="3.0" name="TestSuite" time="147.24" tests="1" errors="0" skipped="0" failures="0">
  <properties>
[...]
</properties>
  <testcase name="runScenario[&quot;Verify that student registired data is stored properly or not.&quot;, &quot;Student registration form&quot;](1)" classname="BasePackage.TestRunner" time="141.476">
    <system-out><![CDATA[
Scenario Outline: Verify that student registired data is stored properly or not. &amp#27;[90m# src/test/resources/features/StudentRegistrationPage.feature:3&amp#27;[0m
  &amp#27;[32mGiven &amp#27;[0m&amp#27;[32mstudent is in the registration form&amp#27;[0m                                      &amp#27;[90m# StepDefinition.StudentRegistrationPage.student_is_in_the_registration_form()&amp#27;[0m
3
  &amp#27;[32mWhen &amp#27;[0m&amp#27;[32mstudent enter all the data to text field&amp#27;[0m                                  &amp#27;[90m# StepDefinition.StudentRegistrationPage.student_enter_all_the_data_to_text_field()&amp#27;[0m
Test
  &amp#27;[32mAnd &amp#27;[0m&amp#27;[32mstudent should click on the Submit button&amp#27;[0m                                  &amp#27;[90m# StepDefinition.StudentRegistrationPage.student_should_click_on_the_submit_button()&amp#27;[0m
Test1
  &amp#27;[32mThen &amp#27;[0m&amp#27;[32mstudent should be get the register details window&amp#27;[0m                         &amp#27;[90m# StepDefinition.StudentRegistrationPage.student_should_be_get_the_register_details_window()&amp#27;[0m
]]></system-out>
    <system-err><![CDATA[SLF4J: Failed to load class "org.slf4j.impl.StaticLoggerBinder".
SLF4J: Defaulting to no-operation (NOP) logger implementation
SLF4J: See http://www.slf4j.org/codes.html#StaticLoggerBinder for further details.
Apr 29, 2024 7:54:48 PM org.openqa.selenium.devtools.CdpVersionFinder findNearestMatch
WARNING: Unable to find an exact match for CDP version 124, returning the closest version; found: 123; Please update to a Selenium version that supports CDP version 124
]]></system-err>
  </testcase>
</testsuite>