<?xml version="1.0" encoding="UTF-8"?>
<testng-results ignored="0" total="1" passed="1" failed="0" skipped="0">
  <reporter-output>
  </reporter-output>
  <suite started-at="2024-04-29T19:54:45 IST" name="Suite" finished-at="2024-04-29T19:57:11 IST" duration-ms="146011">
    <groups>
      <group name="cucumber">
        <method signature="AbstractTestNGCucumberTests.runScenario(io.cucumber.testng.PickleWrapper,io.cucumber.testng.FeatureWrapper)[pri:0, instance:BasePackage.TestRunner@f667fe]" name="runScenario" class="io.cucumber.testng.AbstractTestNGCucumberTests"/>
      </group> <!-- cucumber -->
    </groups>
    <test started-at="2024-04-29T19:54:45 IST" name="Test" finished-at="2024-04-29T19:57:11 IST" duration-ms="146011">
      <class name="BasePackage.TestRunner">
        <test-method is-config="true" signature="setUpClass(org.testng.ITestContext)[pri:0, instance:BasePackage.TestRunner@f667fe]" started-at="2024-04-29T19:54:45 IST" name="setUpClass" finished-at="2024-04-29T19:54:46 IST" duration-ms="638" status="PASS">
          <params>
            <param index="0">
              <value>
                <![CDATA[org.testng.TestRunner@626c19cf]]>
              </value>
            </param>
          </params>
          <reporter-output>
          </reporter-output>
        </test-method> <!-- setUpClass -->
        <test-method signature="runScenario(io.cucumber.testng.PickleWrapper,io.cucumber.testng.FeatureWrapper)[pri:0, instance:BasePackage.TestRunner@f667fe]" started-at="2024-04-29T19:54:46 IST" name="runScenario" description="Runs Cucumber Scenarios" data-provider="scenarios" finished-at="2024-04-29T19:57:07 IST" duration-ms="141474" status="PASS">
          <params>
            <param index="0">
              <value>
                <![CDATA["Verify that student registired data is stored properly or not."]]>
              </value>
            </param>
            <param index="1">
              <value>
                <![CDATA["Student registration form"]]>
              </value>
            </param>
          </params>
          <reporter-output>
          </reporter-output>
        </test-method> <!-- runScenario -->
        <test-method is-config="true" signature="tearDownClass()[pri:0, instance:BasePackage.TestRunner@f667fe]" started-at="2024-04-29T19:57:07 IST" name="tearDownClass" finished-at="2024-04-29T19:57:11 IST" duration-ms="3859" status="PASS">
          <reporter-output>
          </reporter-output>
        </test-method> <!-- tearDownClass -->
      </class> <!-- BasePackage.TestRunner -->
    </test> <!-- Test -->
  </suite> <!-- Suite -->
</testng-results>
