<?xml version="1.0" encoding="UTF-8"?>
<testng-results ignored="0" total="1" passed="1" failed="0" skipped="0">
  <reporter-output>
  </reporter-output>
  <suite started-at="2024-04-29T16:04:06 IST" name="Default suite" finished-at="2024-04-29T16:05:08 IST" duration-ms="62292">
    <groups>
      <group name="cucumber">
        <method signature="AbstractTestNGCucumberTests.runScenario(io.cucumber.testng.PickleWrapper,io.cucumber.testng.FeatureWrapper)[pri:0, instance:BasePackage.TestRunner@40499e4f]" name="runScenario" class="io.cucumber.testng.AbstractTestNGCucumberTests"/>
      </group> <!-- cucumber -->
    </groups>
    <test started-at="2024-04-29T16:04:06 IST" name="Default test" finished-at="2024-04-29T16:05:08 IST" duration-ms="62292">
      <class name="BasePackage.TestRunner">
        <test-method is-config="true" signature="setUpClass(org.testng.ITestContext)[pri:0, instance:BasePackage.TestRunner@40499e4f]" started-at="2024-04-29T16:04:06 IST" name="setUpClass" finished-at="2024-04-29T16:04:07 IST" duration-ms="731" status="PASS">
          <params>
            <param index="0">
              <value>
                <![CDATA[org.testng.TestRunner@6cfbbff7]]>
              </value>
            </param>
          </params>
          <reporter-output>
          </reporter-output>
        </test-method> <!-- setUpClass -->
        <test-method signature="runScenario(io.cucumber.testng.PickleWrapper,io.cucumber.testng.FeatureWrapper)[pri:0, instance:BasePackage.TestRunner@40499e4f]" started-at="2024-04-29T16:04:07 IST" name="runScenario" description="Runs Cucumber Scenarios" data-provider="scenarios" finished-at="2024-04-29T16:05:06 IST" duration-ms="59822" status="PASS">
          <params>
            <param index="0">
              <value>
                <![CDATA["Verify that student registired data is stored properly or not."]]>
              </value>
            </param>
            <param index="1">
              <value>
                <![CDATA["Student registration form"]]>
              </value>
            </param>
          </params>
          <reporter-output>
          </reporter-output>
        </test-method> <!-- runScenario -->
        <test-method is-config="true" signature="tearDownClass()[pri:0, instance:BasePackage.TestRunner@40499e4f]" started-at="2024-04-29T16:05:06 IST" name="tearDownClass" finished-at="2024-04-29T16:05:08 IST" duration-ms="1650" status="PASS">
          <reporter-output>
          </reporter-output>
        </test-method> <!-- tearDownClass -->
      </class> <!-- BasePackage.TestRunner -->
    </test> <!-- Default test -->
  </suite> <!-- Default suite -->
</testng-results>
